<?xml version="1.0" encoding="UTF-8"?>
<testsuite xmlns:xsi="http://www.w3.org/2001/XMLSchema-instance" xsi:noNamespaceSchemaLocation="https://maven.apache.org/surefire/maven-surefire-plugin/xsd/surefire-test-report-3.0.xsd" version="3.0" name="common.TestRunner" time="10.893" tests="2" errors="0" skipped="0" failures="0">
  <properties>
    <property name="java.specification.version" value="21"/>
    <property name="sun.jnu.encoding" value="UTF-8"/>
    <property name="java.class.path" value="/Users/zeynepkazugirtine/jenkins-job/target/test-classes:/Users/zeynepkazugirtine/jenkins-job/target/classes:/Users/zeynepkazugirtine/.m2/repository/org/seleniumhq/selenium/selenium-java/4.16.1/selenium-java-4.16.1.jar:/Users/zeynepkazugirtine/.m2/repository/org/seleniumhq/selenium/selenium-chrome-driver/4.16.1/selenium-chrome-driver-4.16.1.jar:/Users/zeynepkazugirtine/.m2/repository/org/seleniumhq/selenium/selenium-chromium-driver/4.16.1/selenium-chromium-driver-4.16.1.jar:/Users/zeynepkazugirtine/.m2/repository/org/seleniumhq/selenium/selenium-devtools-v118/4.16.1/selenium-devtools-v118-4.16.1.jar:/Users/zeynepkazugirtine/.m2/repository/org/seleniumhq/selenium/selenium-devtools-v119/4.16.1/selenium-devtools-v119-4.16.1.jar:/Users/zeynepkazugirtine/.m2/repository/org/seleniumhq/selenium/selenium-devtools-v120/4.16.1/selenium-devtools-v120-4.16.1.jar:/Users/zeynepkazugirtine/.m2/repository/org/seleniumhq/selenium/selenium-devtools-v85/4.16.1/selenium-devtools-v85-4.16.1.jar:/Users/zeynepkazugirtine/.m2/repository/org/seleniumhq/selenium/selenium-edge-driver/4.16.1/selenium-edge-driver-4.16.1.jar:/Users/zeynepkazugirtine/.m2/repository/org/seleniumhq/selenium/selenium-firefox-driver/4.16.1/selenium-firefox-driver-4.16.1.jar:/Users/zeynepkazugirtine/.m2/repository/org/seleniumhq/selenium/selenium-ie-driver/4.16.1/selenium-ie-driver-4.16.1.jar:/Users/zeynepkazugirtine/.m2/repository/org/seleniumhq/selenium/selenium-safari-driver/4.16.1/selenium-safari-driver-4.16.1.jar:/Users/zeynepkazugirtine/.m2/repository/org/seleniumhq/selenium/selenium-api/4.16.1/selenium-api-4.16.1.jar:/Users/zeynepkazugirtine/.m2/repository/org/seleniumhq/selenium/selenium-remote-driver/4.16.1/selenium-remote-driver-4.16.1.jar:/Users/zeynepkazugirtine/.m2/repository/com/google/auto/service/auto-service-annotations/1.1.1/auto-service-annotations-1.1.1.jar:/Users/zeynepkazugirtine/.m2/repository/com/google/guava/guava/32.1.2-jre/guava-32.1.2-jre.jar:/Users/zeynepkazugirtine/.m2/repository/com/google/guava/failureaccess/1.0.1/failureaccess-1.0.1.jar:/Users/zeynepkazugirtine/.m2/repository/com/google/guava/listenablefuture/9999.0-empty-to-avoid-conflict-with-guava/listenablefuture-9999.0-empty-to-avoid-conflict-with-guava.jar:/Users/zeynepkazugirtine/.m2/repository/com/google/code/findbugs/jsr305/3.0.2/jsr305-3.0.2.jar:/Users/zeynepkazugirtine/.m2/repository/org/checkerframework/checker-qual/3.33.0/checker-qual-3.33.0.jar:/Users/zeynepkazugirtine/.m2/repository/com/google/errorprone/error_prone_annotations/2.18.0/error_prone_annotations-2.18.0.jar:/Users/zeynepkazugirtine/.m2/repository/com/google/j2objc/j2objc-annotations/2.8/j2objc-annotations-2.8.jar:/Users/zeynepkazugirtine/.m2/repository/io/opentelemetry/opentelemetry-api/1.28.0/opentelemetry-api-1.28.0.jar:/Users/zeynepkazugirtine/.m2/repository/io/opentelemetry/opentelemetry-context/1.28.0/opentelemetry-context-1.28.0.jar:/Users/zeynepkazugirtine/.m2/repository/io/opentelemetry/opentelemetry-exporter-logging/1.28.0/opentelemetry-exporter-logging-1.28.0.jar:/Users/zeynepkazugirtine/.m2/repository/io/opentelemetry/opentelemetry-sdk-metrics/1.28.0/opentelemetry-sdk-metrics-1.28.0.jar:/Users/zeynepkazugirtine/.m2/repository/io/opentelemetry/opentelemetry-extension-incubator/1.28.0-alpha/opentelemetry-extension-incubator-1.28.0-alpha.jar:/Users/zeynepkazugirtine/.m2/repository/io/opentelemetry/opentelemetry-sdk-logs/1.28.0/opentelemetry-sdk-logs-1.28.0.jar:/Users/zeynepkazugirtine/.m2/repository/io/opentelemetry/opentelemetry-sdk-common/1.28.0/opentelemetry-sdk-common-1.28.0.jar:/Users/zeynepkazugirtine/.m2/repository/io/opentelemetry/opentelemetry-sdk-extension-autoconfigure-spi/1.28.0/opentelemetry-sdk-extension-autoconfigure-spi-1.28.0.jar:/Users/zeynepkazugirtine/.m2/repository/io/opentelemetry/opentelemetry-sdk-extension-autoconfigure/1.28.0/opentelemetry-sdk-extension-autoconfigure-1.28.0.jar:/Users/zeynepkazugirtine/.m2/repository/io/opentelemetry/opentelemetry-api-events/1.28.0-alpha/opentelemetry-api-events-1.28.0-alpha.jar:/Users/zeynepkazugirtine/.m2/repository/io/opentelemetry/opentelemetry-sdk-trace/1.28.0/opentelemetry-sdk-trace-1.28.0.jar:/Users/zeynepkazugirtine/.m2/repository/io/opentelemetry/opentelemetry-sdk/1.28.0/opentelemetry-sdk-1.28.0.jar:/Users/zeynepkazugirtine/.m2/repository/io/opentelemetry/opentelemetry-semconv/1.28.0-alpha/opentelemetry-semconv-1.28.0-alpha.jar:/Users/zeynepkazugirtine/.m2/repository/net/bytebuddy/byte-buddy/1.14.5/byte-buddy-1.14.5.jar:/Users/zeynepkazugirtine/.m2/repository/org/seleniumhq/selenium/selenium-http/4.16.1/selenium-http-4.16.1.jar:/Users/zeynepkazugirtine/.m2/repository/dev/failsafe/failsafe/3.3.2/failsafe-3.3.2.jar:/Users/zeynepkazugirtine/.m2/repository/org/seleniumhq/selenium/selenium-json/4.16.1/selenium-json-4.16.1.jar:/Users/zeynepkazugirtine/.m2/repository/org/seleniumhq/selenium/selenium-manager/4.16.1/selenium-manager-4.16.1.jar:/Users/zeynepkazugirtine/.m2/repository/org/seleniumhq/selenium/selenium-os/4.16.1/selenium-os-4.16.1.jar:/Users/zeynepkazugirtine/.m2/repository/org/apache/commons/commons-exec/1.3/commons-exec-1.3.jar:/Users/zeynepkazugirtine/.m2/repository/org/seleniumhq/selenium/selenium-support/4.16.1/selenium-support-4.16.1.jar:/Users/zeynepkazugirtine/.m2/repository/org/slf4j/slf4j-simple/2.0.7/slf4j-simple-2.0.7.jar:/Users/zeynepkazugirtine/.m2/repository/org/slf4j/slf4j-api/2.0.7/slf4j-api-2.0.7.jar:/Users/zeynepkazugirtine/.m2/repository/com/codeborne/selenide/7.1.0/selenide-7.1.0.jar:/Users/zeynepkazugirtine/.m2/repository/com/codeborne/selenide-core/7.1.0/selenide-core-7.1.0.jar:/Users/zeynepkazugirtine/.m2/repository/org/opentest4j/opentest4j/1.3.0/opentest4j-1.3.0.jar:/Users/zeynepkazugirtine/.m2/repository/org/apache/httpcomponents/client5/httpclient5/5.3.1/httpclient5-5.3.1.jar:/Users/zeynepkazugirtine/.m2/repository/org/apache/httpcomponents/core5/httpcore5/5.2.4/httpcore5-5.2.4.jar:/Users/zeynepkazugirtine/.m2/repository/org/apache/httpcomponents/core5/httpcore5-h2/5.2.4/httpcore5-h2-5.2.4.jar:/Users/zeynepkazugirtine/.m2/repository/org/apache/commons/commons-lang3/3.14.0/commons-lang3-3.14.0.jar:/Users/zeynepkazugirtine/.m2/repository/commons-io/commons-io/2.15.1/commons-io-2.15.1.jar:/Users/zeynepkazugirtine/.m2/repository/org/testng/testng/7.9.0/testng-7.9.0.jar:/Users/zeynepkazugirtine/.m2/repository/com/beust/jcommander/1.82/jcommander-1.82.jar:/Users/zeynepkazugirtine/.m2/repository/org/webjars/jquery/3.7.1/jquery-3.7.1.jar:/Users/zeynepkazugirtine/.m2/repository/org/assertj/assertj-core/3.25.3/assertj-core-3.25.3.jar:/Users/zeynepkazugirtine/.m2/repository/io/cucumber/cucumber-java/7.15.0/cucumber-java-7.15.0.jar:/Users/zeynepkazugirtine/.m2/repository/io/cucumber/cucumber-core/7.15.0/cucumber-core-7.15.0.jar:/Users/zeynepkazugirtine/.m2/repository/io/cucumber/cucumber-gherkin/7.15.0/cucumber-gherkin-7.15.0.jar:/Users/zeynepkazugirtine/.m2/repository/io/cucumber/cucumber-gherkin-messages/7.15.0/cucumber-gherkin-messages-7.15.0.jar:/Users/zeynepkazugirtine/.m2/repository/io/cucumber/messages/22.0.0/messages-22.0.0.jar:/Users/zeynepkazugirtine/.m2/repository/io/cucumber/tag-expressions/6.0.0/tag-expressions-6.0.0.jar:/Users/zeynepkazugirtine/.m2/repository/io/cucumber/cucumber-expressions/17.0.1/cucumber-expressions-17.0.1.jar:/Users/zeynepkazugirtine/.m2/repository/io/cucumber/datatable/7.15.0/datatable-7.15.0.jar:/Users/zeynepkazugirtine/.m2/repository/io/cucumber/cucumber-plugin/7.15.0/cucumber-plugin-7.15.0.jar:/Users/zeynepkazugirtine/.m2/repository/io/cucumber/docstring/7.15.0/docstring-7.15.0.jar:/Users/zeynepkazugirtine/.m2/repository/io/cucumber/html-formatter/20.4.0/html-formatter-20.4.0.jar:/Users/zeynepkazugirtine/.m2/repository/io/cucumber/junit-xml-formatter/0.2.0/junit-xml-formatter-0.2.0.jar:/Users/zeynepkazugirtine/.m2/repository/io/cucumber/ci-environment/10.0.0/ci-environment-10.0.0.jar:/Users/zeynepkazugirtine/.m2/repository/org/apiguardian/apiguardian-api/1.1.2/apiguardian-api-1.1.2.jar:/Users/zeynepkazugirtine/.m2/repository/io/cucumber/cucumber-testng/7.15.0/cucumber-testng-7.15.0.jar:/Users/zeynepkazugirtine/.m2/repository/io/qameta/allure/allure-cucumber7-jvm/2.24.0/allure-cucumber7-jvm-2.24.0.jar:/Users/zeynepkazugirtine/.m2/repository/io/qameta/allure/allure-java-commons/2.24.0/allure-java-commons-2.24.0.jar:/Users/zeynepkazugirtine/.m2/repository/io/qameta/allure/allure-model/2.24.0/allure-model-2.24.0.jar:/Users/zeynepkazugirtine/.m2/repository/io/cucumber/gherkin/26.2.0/gherkin-26.2.0.jar:/Users/zeynepkazugirtine/.m2/repository/io/qameta/allure/allure-testng/2.24.0/allure-testng-2.24.0.jar:/Users/zeynepkazugirtine/.m2/repository/io/qameta/allure/allure-test-filter/2.24.0/allure-test-filter-2.24.0.jar:/Users/zeynepkazugirtine/.m2/repository/io/qameta/allure/allure-selenide/2.24.0/allure-selenide-2.24.0.jar:/Users/zeynepkazugirtine/.m2/repository/org/uncommons/reportng/1.1.4/reportng-1.1.4.jar:/Users/zeynepkazugirtine/.m2/repository/velocity/velocity/1.4/velocity-1.4.jar:/Users/zeynepkazugirtine/.m2/repository/velocity/velocity-dep/1.4/velocity-dep-1.4.jar:"/>
    <property name="java.vm.vendor" value="Homebrew"/>
    <property name="sun.arch.data.model" value="64"/>
    <property name="java.vendor.url" value="https://github.com/Homebrew/homebrew-core/issues"/>
    <property name="user.timezone" value="Europe/Istanbul"/>
    <property name="os.name" value="Mac OS X"/>
    <property name="java.vm.specification.version" value="21"/>
    <property name="sun.java.launcher" value="SUN_STANDARD"/>
    <property name="user.country" value="TR"/>
    <property name="sun.boot.library.path" value="/opt/homebrew/Cellar/openjdk/21.0.2/libexec/openjdk.jdk/Contents/Home/lib"/>
    <property name="sun.java.command" value="/Users/zeynepkazugirtine/jenkins-job/target/surefire/surefirebooter-20240329151715726_3.jar /Users/zeynepkazugirtine/jenkins-job/target/surefire 2024-03-29T15-17-15_671-jvmRun1 surefire-20240329151715726_1tmp surefire_0-20240329151715726_2tmp"/>
    <property name="http.nonProxyHosts" value="local|*.local|169.254/16|*.169.254/16"/>
    <property name="jdk.debug" value="release"/>
    <property name="surefire.test.class.path" value="/Users/zeynepkazugirtine/jenkins-job/target/test-classes:/Users/zeynepkazugirtine/jenkins-job/target/classes:/Users/zeynepkazugirtine/.m2/repository/org/seleniumhq/selenium/selenium-java/4.16.1/selenium-java-4.16.1.jar:/Users/zeynepkazugirtine/.m2/repository/org/seleniumhq/selenium/selenium-chrome-driver/4.16.1/selenium-chrome-driver-4.16.1.jar:/Users/zeynepkazugirtine/.m2/repository/org/seleniumhq/selenium/selenium-chromium-driver/4.16.1/selenium-chromium-driver-4.16.1.jar:/Users/zeynepkazugirtine/.m2/repository/org/seleniumhq/selenium/selenium-devtools-v118/4.16.1/selenium-devtools-v118-4.16.1.jar:/Users/zeynepkazugirtine/.m2/repository/org/seleniumhq/selenium/selenium-devtools-v119/4.16.1/selenium-devtools-v119-4.16.1.jar:/Users/zeynepkazugirtine/.m2/repository/org/seleniumhq/selenium/selenium-devtools-v120/4.16.1/selenium-devtools-v120-4.16.1.jar:/Users/zeynepkazugirtine/.m2/repository/org/seleniumhq/selenium/selenium-devtools-v85/4.16.1/selenium-devtools-v85-4.16.1.jar:/Users/zeynepkazugirtine/.m2/repository/org/seleniumhq/selenium/selenium-edge-driver/4.16.1/selenium-edge-driver-4.16.1.jar:/Users/zeynepkazugirtine/.m2/repository/org/seleniumhq/selenium/selenium-firefox-driver/4.16.1/selenium-firefox-driver-4.16.1.jar:/Users/zeynepkazugirtine/.m2/repository/org/seleniumhq/selenium/selenium-ie-driver/4.16.1/selenium-ie-driver-4.16.1.jar:/Users/zeynepkazugirtine/.m2/repository/org/seleniumhq/selenium/selenium-safari-driver/4.16.1/selenium-safari-driver-4.16.1.jar:/Users/zeynepkazugirtine/.m2/repository/org/seleniumhq/selenium/selenium-api/4.16.1/selenium-api-4.16.1.jar:/Users/zeynepkazugirtine/.m2/repository/org/seleniumhq/selenium/selenium-remote-driver/4.16.1/selenium-remote-driver-4.16.1.jar:/Users/zeynepkazugirtine/.m2/repository/com/google/auto/service/auto-service-annotations/1.1.1/auto-service-annotations-1.1.1.jar:/Users/zeynepkazugirtine/.m2/repository/com/google/guava/guava/32.1.2-jre/guava-32.1.2-jre.jar:/Users/zeynepkazugirtine/.m2/repository/com/google/guava/failureaccess/1.0.1/failureaccess-1.0.1.jar:/Users/zeynepkazugirtine/.m2/repository/com/google/guava/listenablefuture/9999.0-empty-to-avoid-conflict-with-guava/listenablefuture-9999.0-empty-to-avoid-conflict-with-guava.jar:/Users/zeynepkazugirtine/.m2/repository/com/google/code/findbugs/jsr305/3.0.2/jsr305-3.0.2.jar:/Users/zeynepkazugirtine/.m2/repository/org/checkerframework/checker-qual/3.33.0/checker-qual-3.33.0.jar:/Users/zeynepkazugirtine/.m2/repository/com/google/errorprone/error_prone_annotations/2.18.0/error_prone_annotations-2.18.0.jar:/Users/zeynepkazugirtine/.m2/repository/com/google/j2objc/j2objc-annotations/2.8/j2objc-annotations-2.8.jar:/Users/zeynepkazugirtine/.m2/repository/io/opentelemetry/opentelemetry-api/1.28.0/opentelemetry-api-1.28.0.jar:/Users/zeynepkazugirtine/.m2/repository/io/opentelemetry/opentelemetry-context/1.28.0/opentelemetry-context-1.28.0.jar:/Users/zeynepkazugirtine/.m2/repository/io/opentelemetry/opentelemetry-exporter-logging/1.28.0/opentelemetry-exporter-logging-1.28.0.jar:/Users/zeynepkazugirtine/.m2/repository/io/opentelemetry/opentelemetry-sdk-metrics/1.28.0/opentelemetry-sdk-metrics-1.28.0.jar:/Users/zeynepkazugirtine/.m2/repository/io/opentelemetry/opentelemetry-extension-incubator/1.28.0-alpha/opentelemetry-extension-incubator-1.28.0-alpha.jar:/Users/zeynepkazugirtine/.m2/repository/io/opentelemetry/opentelemetry-sdk-logs/1.28.0/opentelemetry-sdk-logs-1.28.0.jar:/Users/zeynepkazugirtine/.m2/repository/io/opentelemetry/opentelemetry-sdk-common/1.28.0/opentelemetry-sdk-common-1.28.0.jar:/Users/zeynepkazugirtine/.m2/repository/io/opentelemetry/opentelemetry-sdk-extension-autoconfigure-spi/1.28.0/opentelemetry-sdk-extension-autoconfigure-spi-1.28.0.jar:/Users/zeynepkazugirtine/.m2/repository/io/opentelemetry/opentelemetry-sdk-extension-autoconfigure/1.28.0/opentelemetry-sdk-extension-autoconfigure-1.28.0.jar:/Users/zeynepkazugirtine/.m2/repository/io/opentelemetry/opentelemetry-api-events/1.28.0-alpha/opentelemetry-api-events-1.28.0-alpha.jar:/Users/zeynepkazugirtine/.m2/repository/io/opentelemetry/opentelemetry-sdk-trace/1.28.0/opentelemetry-sdk-trace-1.28.0.jar:/Users/zeynepkazugirtine/.m2/repository/io/opentelemetry/opentelemetry-sdk/1.28.0/opentelemetry-sdk-1.28.0.jar:/Users/zeynepkazugirtine/.m2/repository/io/opentelemetry/opentelemetry-semconv/1.28.0-alpha/opentelemetry-semconv-1.28.0-alpha.jar:/Users/zeynepkazugirtine/.m2/repository/net/bytebuddy/byte-buddy/1.14.5/byte-buddy-1.14.5.jar:/Users/zeynepkazugirtine/.m2/repository/org/seleniumhq/selenium/selenium-http/4.16.1/selenium-http-4.16.1.jar:/Users/zeynepkazugirtine/.m2/repository/dev/failsafe/failsafe/3.3.2/failsafe-3.3.2.jar:/Users/zeynepkazugirtine/.m2/repository/org/seleniumhq/selenium/selenium-json/4.16.1/selenium-json-4.16.1.jar:/Users/zeynepkazugirtine/.m2/repository/org/seleniumhq/selenium/selenium-manager/4.16.1/selenium-manager-4.16.1.jar:/Users/zeynepkazugirtine/.m2/repository/org/seleniumhq/selenium/selenium-os/4.16.1/selenium-os-4.16.1.jar:/Users/zeynepkazugirtine/.m2/repository/org/apache/commons/commons-exec/1.3/commons-exec-1.3.jar:/Users/zeynepkazugirtine/.m2/repository/org/seleniumhq/selenium/selenium-support/4.16.1/selenium-support-4.16.1.jar:/Users/zeynepkazugirtine/.m2/repository/org/slf4j/slf4j-simple/2.0.7/slf4j-simple-2.0.7.jar:/Users/zeynepkazugirtine/.m2/repository/org/slf4j/slf4j-api/2.0.7/slf4j-api-2.0.7.jar:/Users/zeynepkazugirtine/.m2/repository/com/codeborne/selenide/7.1.0/selenide-7.1.0.jar:/Users/zeynepkazugirtine/.m2/repository/com/codeborne/selenide-core/7.1.0/selenide-core-7.1.0.jar:/Users/zeynepkazugirtine/.m2/repository/org/opentest4j/opentest4j/1.3.0/opentest4j-1.3.0.jar:/Users/zeynepkazugirtine/.m2/repository/org/apache/httpcomponents/client5/httpclient5/5.3.1/httpclient5-5.3.1.jar:/Users/zeynepkazugirtine/.m2/repository/org/apache/httpcomponents/core5/httpcore5/5.2.4/httpcore5-5.2.4.jar:/Users/zeynepkazugirtine/.m2/repository/org/apache/httpcomponents/core5/httpcore5-h2/5.2.4/httpcore5-h2-5.2.4.jar:/Users/zeynepkazugirtine/.m2/repository/org/apache/commons/commons-lang3/3.14.0/commons-lang3-3.14.0.jar:/Users/zeynepkazugirtine/.m2/repository/commons-io/commons-io/2.15.1/commons-io-2.15.1.jar:/Users/zeynepkazugirtine/.m2/repository/org/testng/testng/7.9.0/testng-7.9.0.jar:/Users/zeynepkazugirtine/.m2/repository/com/beust/jcommander/1.82/jcommander-1.82.jar:/Users/zeynepkazugirtine/.m2/repository/org/webjars/jquery/3.7.1/jquery-3.7.1.jar:/Users/zeynepkazugirtine/.m2/repository/org/assertj/assertj-core/3.25.3/assertj-core-3.25.3.jar:/Users/zeynepkazugirtine/.m2/repository/io/cucumber/cucumber-java/7.15.0/cucumber-java-7.15.0.jar:/Users/zeynepkazugirtine/.m2/repository/io/cucumber/cucumber-core/7.15.0/cucumber-core-7.15.0.jar:/Users/zeynepkazugirtine/.m2/repository/io/cucumber/cucumber-gherkin/7.15.0/cucumber-gherkin-7.15.0.jar:/Users/zeynepkazugirtine/.m2/repository/io/cucumber/cucumber-gherkin-messages/7.15.0/cucumber-gherkin-messages-7.15.0.jar:/Users/zeynepkazugirtine/.m2/repository/io/cucumber/messages/22.0.0/messages-22.0.0.jar:/Users/zeynepkazugirtine/.m2/repository/io/cucumber/tag-expressions/6.0.0/tag-expressions-6.0.0.jar:/Users/zeynepkazugirtine/.m2/repository/io/cucumber/cucumber-expressions/17.0.1/cucumber-expressions-17.0.1.jar:/Users/zeynepkazugirtine/.m2/repository/io/cucumber/datatable/7.15.0/datatable-7.15.0.jar:/Users/zeynepkazugirtine/.m2/repository/io/cucumber/cucumber-plugin/7.15.0/cucumber-plugin-7.15.0.jar:/Users/zeynepkazugirtine/.m2/repository/io/cucumber/docstring/7.15.0/docstring-7.15.0.jar:/Users/zeynepkazugirtine/.m2/repository/io/cucumber/html-formatter/20.4.0/html-formatter-20.4.0.jar:/Users/zeynepkazugirtine/.m2/repository/io/cucumber/junit-xml-formatter/0.2.0/junit-xml-formatter-0.2.0.jar:/Users/zeynepkazugirtine/.m2/repository/io/cucumber/ci-environment/10.0.0/ci-environment-10.0.0.jar:/Users/zeynepkazugirtine/.m2/repository/org/apiguardian/apiguardian-api/1.1.2/apiguardian-api-1.1.2.jar:/Users/zeynepkazugirtine/.m2/repository/io/cucumber/cucumber-testng/7.15.0/cucumber-testng-7.15.0.jar:/Users/zeynepkazugirtine/.m2/repository/io/qameta/allure/allure-cucumber7-jvm/2.24.0/allure-cucumber7-jvm-2.24.0.jar:/Users/zeynepkazugirtine/.m2/repository/io/qameta/allure/allure-java-commons/2.24.0/allure-java-commons-2.24.0.jar:/Users/zeynepkazugirtine/.m2/repository/io/qameta/allure/allure-model/2.24.0/allure-model-2.24.0.jar:/Users/zeynepkazugirtine/.m2/repository/io/cucumber/gherkin/26.2.0/gherkin-26.2.0.jar:/Users/zeynepkazugirtine/.m2/repository/io/qameta/allure/allure-testng/2.24.0/allure-testng-2.24.0.jar:/Users/zeynepkazugirtine/.m2/repository/io/qameta/allure/allure-test-filter/2.24.0/allure-test-filter-2.24.0.jar:/Users/zeynepkazugirtine/.m2/repository/io/qameta/allure/allure-selenide/2.24.0/allure-selenide-2.24.0.jar:/Users/zeynepkazugirtine/.m2/repository/org/uncommons/reportng/1.1.4/reportng-1.1.4.jar:/Users/zeynepkazugirtine/.m2/repository/velocity/velocity/1.4/velocity-1.4.jar:/Users/zeynepkazugirtine/.m2/repository/velocity/velocity-dep/1.4/velocity-dep-1.4.jar:"/>
    <property name="sun.cpu.endian" value="little"/>
    <property name="user.home" value="/Users/zeynepkazugirtine"/>
    <property name="user.language" value="en"/>
    <property name="java.specification.vendor" value="Oracle Corporation"/>
    <property name="java.version.date" value="2024-01-16"/>
    <property name="java.home" value="/opt/homebrew/Cellar/openjdk/21.0.2/libexec/openjdk.jdk/Contents/Home"/>
    <property name="file.separator" value="/"/>
    <property name="basedir" value="/Users/zeynepkazugirtine/jenkins-job"/>
    <property name="java.vm.compressedOopsMode" value="Zero based"/>
    <property name="line.separator" value="&#10;"/>
    <property name="java.vm.specification.vendor" value="Oracle Corporation"/>
    <property name="java.specification.name" value="Java Platform API Specification"/>
    <property name="apple.awt.application.name" value="ForkedBooter"/>
    <property name="surefire.real.class.path" value="/Users/zeynepkazugirtine/jenkins-job/target/surefire/surefirebooter-20240329151715726_3.jar"/>
    <property name="sun.management.compiler" value="HotSpot 64-Bit Tiered Compilers"/>
    <property name="ftp.nonProxyHosts" value="local|*.local|169.254/16|*.169.254/16"/>
    <property name="java.runtime.version" value="21.0.2"/>
    <property name="user.name" value="zeynepkazugirtine"/>
    <property name="stdout.encoding" value="UTF-8"/>
    <property name="path.separator" value=":"/>
    <property name="os.version" value="14.4.1"/>
    <property name="java.runtime.name" value="OpenJDK Runtime Environment"/>
    <property name="file.encoding" value="UTF-8"/>
    <property name="java.vm.name" value="OpenJDK 64-Bit Server VM"/>
    <property name="java.vendor.version" value="Homebrew"/>
    <property name="localRepository" value="/Users/zeynepkazugirtine/.m2/repository"/>
    <property name="java.vendor.url.bug" value="https://github.com/Homebrew/homebrew-core/issues"/>
    <property name="java.io.tmpdir" value="/var/folders/sr/hptjv8fn5qg3bklc49dz_x400000gn/T/"/>
    <property name="java.version" value="21.0.2"/>
    <property name="user.dir" value="/Users/zeynepkazugirtine/jenkins-job"/>
    <property name="os.arch" value="aarch64"/>
    <property name="java.vm.specification.name" value="Java Virtual Machine Specification"/>
    <property name="native.encoding" value="UTF-8"/>
    <property name="java.library.path" value="/Users/zeynepkazugirtine/Library/Java/Extensions:/Library/Java/Extensions:/Network/Library/Java/Extensions:/System/Library/Java/Extensions:/usr/lib/java:."/>
    <property name="java.vm.info" value="mixed mode, sharing"/>
    <property name="stderr.encoding" value="UTF-8"/>
    <property name="java.vendor" value="Homebrew"/>
    <property name="java.vm.version" value="21.0.2"/>
    <property name="sun.io.unicode.encoding" value="UnicodeBig"/>
    <property name="socksNonProxyHosts" value="local|*.local|169.254/16|*.169.254/16"/>
    <property name="java.class.version" value="65.0"/>
  </properties>
  <testcase name="runScenario[&quot;Click on &quot;Click Me&quot; button and read the message&quot;, &quot;As a user I want to click buttons on the Buttons section of the Elements page&quot;](1)" classname="common.TestRunner" time="6.406">
    <system-out><![CDATA[
Scenario: Click on "Click Me" button and read the message &amp#27;[90m# src/test/resources/features/ElementsPage.feature:3&amp#27;[0m
  &amp#27;[32mGiven &amp#27;[0m&amp#27;[32mI open the elements page&amp#27;[0m                          &amp#27;[90m# steps.ElementsPageSteps.printDynamicMessageTest()&amp#27;[0m
  &amp#27;[32mWhen &amp#27;[0m&amp#27;[32mI click on Buttons button&amp#27;[0m                          &amp#27;[90m# steps.ElementsPageSteps.clickButtonsSection()&amp#27;[0m
  &amp#27;[32mAnd &amp#27;[0m&amp#27;[32mI click on the click me button&amp#27;[0m                      &amp#27;[90m# steps.ElementsPageSteps.clickButton()&amp#27;[0m
You have done a dynamic click
  &amp#27;[32mThen &amp#27;[0m&amp#27;[32mI should see the message&amp#27;[0m                           &amp#27;[90m# steps.ElementsPageSteps.iShouldSeeTheMessage()&amp#27;[0m
]]></system-out>
    <system-err><![CDATA[[main] INFO com.codeborne.selenide.impl.WebDriverThreadLocalContainer - No webdriver is bound to current thread: 1 - let's create a new webdriver
[main] INFO com.codeborne.selenide.impl.FileHelper - Creating folder: /Users/zeynepkazugirtine/jenkins-job/build/downloads/1711714636547_74618_1
Mar 29, 2024 3:17:19 PM org.openqa.selenium.devtools.CdpVersionFinder findNearestMatch
WARNING: Unable to find an exact match for CDP version 123, returning the closest version; found: 120; Please update to a Selenium version that supports CDP version 123
[main] INFO com.codeborne.selenide.webdriver.WebDriverFactory - BrowserName=chrome Version=123.0.6312.86 Platform=mac
[main] INFO com.codeborne.selenide.webdriver.WebDriverFactory - Selenide v. 7.1.0
[main] INFO com.codeborne.selenide.webdriver.WebDriverFactory - Selenium WebDriver v. 4.16.1 build revision: 9b4c83354e
[main] INFO com.codeborne.selenide.drivercommands.CreateDriverCommand - Created webdriver in thread 1: ChromeDriver -> ChromeDriver: chrome on mac (9058e6bc85238908095c5854059e0107), downloadsFolder: /Users/zeynepkazugirtine/jenkins-job/build/downloads/1711714636547_74618_1
[main] INFO com.codeborne.selenide.drivercommands.DisposablesRegistry - Register WebDriverInstance[config=StaticConfig, webDriver=ChromeDriver: chrome on mac (9058e6bc85238908095c5854059e0107), proxy=null, downloadsFolder=/Users/zeynepkazugirtine/jenkins-job/build/downloads/1711714636547_74618_1] in 1 [size=1]
[main] INFO com.codeborne.selenide.drivercommands.DisposablesRegistry - Add shutdown hook in 1 [size=1]
]]></system-err>
  </testcase>
  <testcase name="runScenario[&quot;Add a new entry and edit the newly added entry&quot;, &quot;As a user I want to add and edit entries in the web table on Web tables section&quot;](2)" classname="common.TestRunner" time="3.709">
    <system-out><![CDATA[
Scenario: Add a new entry and edit the newly added entry &amp#27;[90m# src/test/resources/features/WebTablesPage.feature:3&amp#27;[0m
  &amp#27;[32mGiven &amp#27;[0m&amp#27;[32mI open the web tables page&amp#27;[0m                       &amp#27;[90m# steps.WebTablesPageSteps.navigateAndAssert()&amp#27;[0m
  &amp#27;[32mWhen &amp#27;[0m&amp#27;[32mI add a new record&amp#27;[0m                                &amp#27;[90m# steps.WebTablesPageSteps.addNewRecord()&amp#27;[0m
  &amp#27;[32mThen &amp#27;[0m&amp#27;[32mI should see the newly added record in the table&amp#27;[0m  &amp#27;[90m# steps.WebTablesPageSteps.addedRecordIsVisible()&amp#27;[0m
  &amp#27;[32mWhen &amp#27;[0m&amp#27;[32mI edit the added record&amp#27;[0m                           &amp#27;[90m# steps.WebTablesPageSteps.editNewRecord()&amp#27;[0m
Field modified as: Jane
  &amp#27;[32mThen &amp#27;[0m&amp#27;[32mI should see the edited record in the table&amp#27;[0m       &amp#27;[90m# steps.WebTablesPageSteps.theRecordShouldBeUpdated()&amp#27;[0m
]]></system-out>
  </testcase>
</testsuite>