<?xml version="1.0" encoding="UTF-8"?>
<!-- Generated by org.testng.reporters.JUnitReportReporter -->
<testsuite hostname="Zeyneps-MacBook-Pro.local" failures="0" tests="2" name="common.TestRunner" time="10.109" errors="0" timestamp="2024-03-29T15:17:26 TRT" skipped="0">
  <testcase classname="common.TestRunner" name="runScenario" time="3.709"/>
  <testcase classname="common.TestRunner" name="runScenario" time="6.400"/>
</testsuite> <!-- common.TestRunner -->
