<?xml version="1.0" encoding="UTF-8"?>
<!-- Generated by org.testng.reporters.JUnitReportReporter -->
<testsuite hostname="Zeyneps-MacBook-Pro.local" failures="0" tests="1" name="common.TestRunner" time="12.008" errors="0" timestamp="2024-03-29T17:41:33 TRT" skipped="0">
  <testcase classname="common.TestRunner" name="runScenario" time="12.008"/>
</testsuite> <!-- common.TestRunner -->
