<?xml version="1.0" encoding="UTF-8"?>
<!-- Generated by org.testng.reporters.JUnitReportReporter -->
<testsuite hostname="Zeyneps-MacBook-Pro.local" failures="0" tests="2" name="common.TestRunner" time="12.595" errors="0" timestamp="2024-03-28T21:14:11 TRT" skipped="0">
  <testcase classname="common.TestRunner" name="runScenario" time="10.070"/>
  <testcase classname="common.TestRunner" name="runScenario" time="2.525"/>
</testsuite> <!-- common.TestRunner -->
