<?xml version="1.0" encoding="UTF-8"?>
<!-- Generated by org.testng.reporters.JUnitReportReporter -->
<testsuite hostname="Zeyneps-MacBook-Pro.local" failures="0" tests="2" name="common.TestRunner" time="7.312" errors="0" timestamp="2024-03-29T15:02:37 TRT" skipped="0">
  <testcase classname="common.TestRunner" name="runScenario" time="2.206"/>
  <testcase classname="common.TestRunner" name="runScenario" time="5.106"/>
</testsuite> <!-- common.TestRunner -->
